<?xml version="1.0" encoding="UTF-8"?>
<!-- Generated by org.testng.reporters.JUnitReportReporter -->
<testsuite hostname="AIPL4398LT11158" failures="0" tests="14" name="runner.TestRunner" time="0.259" errors="0" timestamp="2022-06-23T16:03:19 IST" skipped="0">
  <testcase classname="runner.TestRunner" name="runScenario" time="0.011"/>
  <system-out/>
  <testcase classname="runner.TestRunner" name="runScenario" time="0.009"/>
  <system-out/>
  <testcase classname="runner.TestRunner" name="runScenario" time="0.011"/>
  <system-out/>
  <testcase classname="runner.TestRunner" name="runScenario" time="0.028"/>
  <system-out/>
  <testcase classname="runner.TestRunner" name="runScenario" time="0.012"/>
  <system-out/>
  <testcase classname="runner.TestRunner" name="runScenario" time="0.011"/>
  <system-out/>
  <testcase classname="runner.TestRunner" name="runScenario" time="0.013"/>
  <system-out/>
  <testcase classname="runner.TestRunner" name="runScenario" time="0.082"/>
  <system-out/>
  <testcase classname="runner.TestRunner" name="runScenario" time="0.017"/>
  <system-out/>
  <testcase classname="runner.TestRunner" name="runScenario" time="0.012"/>
  <system-out/>
  <testcase classname="runner.TestRunner" name="runScenario" time="0.011"/>
  <system-out/>
  <testcase classname="runner.TestRunner" name="runScenario" time="0.013"/>
  <system-out/>
  <testcase classname="runner.TestRunner" name="runScenario" time="0.015"/>
  <system-out/>
  <testcase classname="runner.TestRunner" name="runScenario" time="0.014"/>
  <system-out/>
</testsuite> <!-- runner.TestRunner -->
